Incorrect username passwword for user (admin)
Incorrect username passwword for user (tux)
Incorrect username passwword for user (root)
Incorrect username passwword for user (admin)
Incorrect username passwword for user (admin)
Incorrect username passwword for user (test)
Incorrect username passwword for user (admin)
Incorrect username passwword for user (test)
Incorrect username passwword for user (zoom)
Incorrect username passwword for user (zoom)
Incorrect username passwword for user (zoom)
Incorrect username passwword for user (zoom)
Incorrect username passwword for user (zoom)
Incorrect username passwword for user (zoom)
Incorrect username passwword for user (zoom)
Incorrect username passwword for user (zoom)
Incorrect username passwword for user (zoom)
Incorrect username passwword for user (zoom)
Incorrect username passwword for user (zoom)
Incorrect username passwword for user (zoom)
Incorrect username passwword for user (zoom)
Incorrect username passwword for user (zoom)
Incorrect username passwword for user (zoom)
Incorrect username passwword for user (zoom)
Incorrect username passwword for user (zoom)
Incorrect username passwword for user (zoom)
Incorrect passwword for password (zoom)
Incorrect passwword for username (zoom)
Incorrect passwword for username (zoom)
Incorrect passwword for username (evo)
Incorrect passwword for username (evo)
